{"level":"http","message":"::1 - - [25/Nov/2021:14:26:19 +0000] \"POST /users/auth/register HTTP/1.1\" 404 159 \"-\" \"PostmanRuntime/7.28.4\"\n"}
{"level":"http","message":"::1 - - [25/Nov/2021:14:31:47 +0000] \"POST /users/auth/register HTTP/1.1\" 500 72 \"-\" \"PostmanRuntime/7.28.4\"\n"}
{"level":"http","message":"::1 - - [25/Nov/2021:14:33:32 +0000] \"POST /users/auth/register HTTP/1.1\" 500 71 \"-\" \"PostmanRuntime/7.28.4\"\n"}
{"level":"http","message":"::1 - - [25/Nov/2021:14:34:23 +0000] \"POST /users/auth/register HTTP/1.1\" 500 71 \"-\" \"PostmanRuntime/7.28.4\"\n"}
{"level":"http","message":"::1 - - [25/Nov/2021:14:34:29 +0000] \"POST /users/auth/register HTTP/1.1\" 500 71 \"-\" \"PostmanRuntime/7.28.4\"\n"}
{"level":"http","message":"::1 - - [25/Nov/2021:14:35:00 +0000] \"POST /users/auth/register HTTP/1.1\" 500 70 \"-\" \"PostmanRuntime/7.28.4\"\n"}
{"level":"http","message":"::1 - - [25/Nov/2021:14:36:03 +0000] \"POST /users/auth/register HTTP/1.1\" 500 20 \"-\" \"PostmanRuntime/7.28.4\"\n"}
{"level":"http","message":"::1 - - [25/Nov/2021:14:36:56 +0000] \"POST /users/auth/register HTTP/1.1\" 500 20 \"-\" \"PostmanRuntime/7.28.4\"\n"}
{"level":"http","message":"::1 - - [25/Nov/2021:14:42:42 +0000] \"GET /users/auth/isAuth/getAll HTTP/1.1\" 404 163 \"-\" \"PostmanRuntime/7.28.4\"\n"}
{"level":"http","message":"::1 - - [26/Nov/2021:11:16:49 +0000] \"GET /users/allUsers HTTP/1.1\" 500 72 \"-\" \"PostmanRuntime/7.28.4\"\n"}
{"level":"http","message":"::1 - - [26/Nov/2021:11:20:36 +0000] \"GET /users/allUsers HTTP/1.1\" 500 72 \"-\" \"PostmanRuntime/7.28.4\"\n"}
{"level":"http","message":"::1 - - [26/Nov/2021:11:22:14 +0000] \"GET /users/allUsers HTTP/1.1\" 500 72 \"-\" \"PostmanRuntime/7.28.4\"\n"}
{"level":"http","message":"::1 - - [26/Nov/2021:11:24:28 +0000] \"GET /users HTTP/1.1\" 500 72 \"-\" \"PostmanRuntime/7.28.4\"\n"}
{"level":"http","message":"::1 - - [26/Nov/2021:11:24:37 +0000] \"POST /users/allUsers HTTP/1.1\" 500 72 \"-\" \"PostmanRuntime/7.28.4\"\n"}
{"level":"http","message":"::1 - - [26/Nov/2021:11:25:41 +0000] \"GET /users/allUsers HTTP/1.1\" 500 72 \"-\" \"PostmanRuntime/7.28.4\"\n"}
{"level":"http","message":"::1 - - [26/Nov/2021:11:31:13 +0000] \"GET /users/allUsers HTTP/1.1\" 500 72 \"-\" \"PostmanRuntime/7.28.4\"\n"}
{"level":"http","message":"::1 - - [26/Nov/2021:11:33:04 +0000] \"GET /users/allUsers HTTP/1.1\" 500 72 \"-\" \"PostmanRuntime/7.28.4\"\n"}
{"level":"http","message":"::1 - - [26/Nov/2021:11:33:36 +0000] \"GET /users/allUsers HTTP/1.1\" 500 72 \"-\" \"PostmanRuntime/7.28.4\"\n"}
{"level":"http","message":"::1 - - [26/Nov/2021:11:38:10 +0000] \"GET /users/allUsers HTTP/1.1\" 500 72 \"-\" \"PostmanRuntime/7.28.4\"\n"}
{"level":"http","message":"::1 - - [26/Nov/2021:11:39:19 +0000] \"GET /users/allUsers HTTP/1.1\" 500 72 \"-\" \"PostmanRuntime/7.28.4\"\n"}
{"level":"http","message":"::1 - - [26/Nov/2021:11:39:23 +0000] \"POST /users/allUsers HTTP/1.1\" 500 72 \"-\" \"PostmanRuntime/7.28.4\"\n"}
{"level":"http","message":"::1 - - [26/Nov/2021:11:48:11 +0000] \"POST /users/allUsers HTTP/1.1\" 500 72 \"-\" \"PostmanRuntime/7.28.4\"\n"}
{"level":"http","message":"::1 - - [26/Nov/2021:11:48:15 +0000] \"GET /users/allUsers HTTP/1.1\" 500 72 \"-\" \"PostmanRuntime/7.28.4\"\n"}
{"level":"http","message":"::1 - - [26/Nov/2021:11:50:20 +0000] \"GET /users/allUsers HTTP/1.1\" 500 72 \"-\" \"PostmanRuntime/7.28.4\"\n"}
{"level":"http","message":"::1 - - [26/Nov/2021:11:52:29 +0000] \"GET /users/allUsers HTTP/1.1\" 500 72 \"-\" \"PostmanRuntime/7.28.4\"\n"}
{"level":"http","message":"::1 - - [26/Nov/2021:11:56:09 +0000] \"POST /users/auth/register HTTP/1.1\" 500 72 \"-\" \"PostmanRuntime/7.28.4\"\n"}
{"level":"http","message":"::1 - - [26/Nov/2021:11:57:36 +0000] \"POST /users/auth/register HTTP/1.1\" 500 44 \"-\" \"PostmanRuntime/7.28.4\"\n"}
{"level":"http","message":"::1 - - [26/Nov/2021:11:57:43 +0000] \"GET /users/allUsers HTTP/1.1\" 401 37 \"-\" \"PostmanRuntime/7.28.4\"\n"}
{"level":"http","message":"::1 - - [26/Nov/2021:12:01:49 +0000] \"POST /users/auth/register HTTP/1.1\" 500 44 \"-\" \"PostmanRuntime/7.28.4\"\n"}
{"level":"http","message":"::1 - - [26/Nov/2021:12:03:58 +0000] \"POST /users/auth/register HTTP/1.1\" 500 44 \"-\" \"PostmanRuntime/7.28.4\"\n"}
{"level":"http","message":"::1 - - [26/Nov/2021:12:05:51 +0000] \"POST /users/auth/register HTTP/1.1\" 500 44 \"-\" \"PostmanRuntime/7.28.4\"\n"}
{"level":"http","message":"::1 - - [26/Nov/2021:12:07:23 +0000] \"POST /users/auth/register HTTP/1.1\" 500 44 \"-\" \"PostmanRuntime/7.28.4\"\n"}
{"level":"http","message":"::1 - - [26/Nov/2021:12:08:35 +0000] \"POST /users/auth/register HTTP/1.1\" 500 44 \"-\" \"PostmanRuntime/7.28.4\"\n"}
{"level":"http","message":"::1 - - [26/Nov/2021:12:08:38 +0000] \"GET /users/allUsers HTTP/1.1\" 401 37 \"-\" \"PostmanRuntime/7.28.4\"\n"}
{"level":"http","message":"::1 - - [26/Nov/2021:12:13:54 +0000] \"POST /users/auth/register HTTP/1.1\" 500 44 \"-\" \"PostmanRuntime/7.28.4\"\n"}
{"level":"http","message":"::1 - - [26/Nov/2021:12:15:29 +0000] \"POST /users/auth/register HTTP/1.1\" 500 44 \"-\" \"PostmanRuntime/7.28.4\"\n"}
{"level":"http","message":"::1 - - [26/Nov/2021:12:15:43 +0000] \"GET /users/allUsers HTTP/1.1\" 401 37 \"-\" \"PostmanRuntime/7.28.4\"\n"}
{"level":"http","message":"::1 - - [26/Nov/2021:13:06:07 +0000] \"GET /users/allUsers HTTP/1.1\" 401 37 \"-\" \"PostmanRuntime/7.28.4\"\n"}
{"level":"http","message":"::1 - - [26/Nov/2021:13:06:13 +0000] \"POST /users/auth/register HTTP/1.1\" 500 44 \"-\" \"PostmanRuntime/7.28.4\"\n"}
{"level":"http","message":"::1 - - [26/Nov/2021:13:13:40 +0000] \"POST /users/auth/register HTTP/1.1\" 500 44 \"-\" \"PostmanRuntime/7.28.4\"\n"}
{"level":"http","message":"::1 - - [26/Nov/2021:13:13:49 +0000] \"GET /users/auth/alluser HTTP/1.1\" 404 157 \"-\" \"PostmanRuntime/7.28.4\"\n"}
{"level":"http","message":"::1 - - [26/Nov/2021:13:13:55 +0000] \"GET /users/allUsers HTTP/1.1\" 401 37 \"-\" \"PostmanRuntime/7.28.4\"\n"}
{"level":"http","message":"::1 - - [26/Nov/2021:13:20:17 +0000] \"GET /users/allUsers HTTP/1.1\" 401 37 \"-\" \"PostmanRuntime/7.28.4\"\n"}
{"level":"http","message":"::1 - - [26/Nov/2021:13:20:21 +0000] \"POST /users/auth/register HTTP/1.1\" 500 44 \"-\" \"PostmanRuntime/7.28.4\"\n"}
{"level":"http","message":"::1 - - [26/Nov/2021:13:23:27 +0000] \"POST /users/auth/register HTTP/1.1\" 500 44 \"-\" \"PostmanRuntime/7.28.4\"\n"}
{"level":"http","message":"::1 - - [26/Nov/2021:13:25:47 +0000] \"POST /users/auth/register HTTP/1.1\" 500 54 \"-\" \"PostmanRuntime/7.28.4\"\n"}
{"level":"http","message":"::1 - - [26/Nov/2021:13:33:12 +0000] \"GET /users/allUsers HTTP/1.1\" 401 37 \"-\" \"PostmanRuntime/7.28.4\"\n"}
{"level":"http","message":"::1 - - [26/Nov/2021:13:33:57 +0000] \"GET /users/allUsers HTTP/1.1\" 401 37 \"-\" \"PostmanRuntime/7.28.4\"\n"}
{"level":"http","message":"::1 - - [26/Nov/2021:13:35:29 +0000] \"POST /users/auth/register HTTP/1.1\" 500 54 \"-\" \"PostmanRuntime/7.28.4\"\n"}
{"level":"http","message":"::1 - - [26/Nov/2021:13:37:20 +0000] \"POST /users/auth/register HTTP/1.1\" 500 54 \"-\" \"PostmanRuntime/7.28.4\"\n"}
{"level":"http","message":"::1 - - [26/Nov/2021:13:38:02 +0000] \"POST /users/auth/register HTTP/1.1\" 500 54 \"-\" \"PostmanRuntime/7.28.4\"\n"}
{"level":"http","message":"::1 - - [26/Nov/2021:13:47:12 +0000] \"POST /users/auth/register HTTP/1.1\" 500 54 \"-\" \"PostmanRuntime/7.28.4\"\n"}
{"level":"http","message":"::1 - - [26/Nov/2021:13:55:18 +0000] \"POST /users/auth/register HTTP/1.1\" 500 54 \"-\" \"PostmanRuntime/7.28.4\"\n"}
{"level":"http","message":"::1 - - [26/Nov/2021:13:56:32 +0000] \"POST /users/auth/register HTTP/1.1\" 500 54 \"-\" \"PostmanRuntime/7.28.4\"\n"}
{"level":"http","message":"::1 - - [26/Nov/2021:14:00:24 +0000] \"GET /users/allUsers HTTP/1.1\" 401 37 \"-\" \"PostmanRuntime/7.28.4\"\n"}
{"level":"http","message":"::1 - - [26/Nov/2021:14:00:29 +0000] \"GET /users/allUsers HTTP/1.1\" 401 37 \"-\" \"PostmanRuntime/7.28.4\"\n"}
{"level":"http","message":"::1 - - [26/Nov/2021:14:07:01 +0000] \"POST /users/auth/login HTTP/1.1\" 500 31 \"-\" \"PostmanRuntime/7.28.4\"\n"}
{"level":"http","message":"::1 - - [26/Nov/2021:14:39:29 +0000] \"GET /users/allUsers HTTP/1.1\" 401 37 \"-\" \"PostmanRuntime/7.28.4\"\n"}
{"level":"http","message":"::1 - - [26/Nov/2021:14:41:33 +0000] \"GET /users/allUsers HTTP/1.1\" 401 37 \"-\" \"PostmanRuntime/7.28.4\"\n"}
{"level":"http","message":"::1 - - [26/Nov/2021:14:45:16 +0000] \"GET /users/allUsers HTTP/1.1\" 401 37 \"-\" \"PostmanRuntime/7.28.4\"\n"}
{"level":"http","message":"::1 - - [26/Nov/2021:14:46:03 +0000] \"GET /users/allUsers HTTP/1.1\" 401 37 \"-\" \"PostmanRuntime/7.28.4\"\n"}
{"level":"http","message":"::1 - - [26/Nov/2021:14:47:42 +0000] \"GET /users/allUsers HTTP/1.1\" 401 37 \"-\" \"PostmanRuntime/7.28.4\"\n"}
{"level":"http","message":"::1 - - [26/Nov/2021:14:47:57 +0000] \"GET /users/allUsers HTTP/1.1\" 401 37 \"-\" \"PostmanRuntime/7.28.4\"\n"}
{"level":"http","message":"::1 - - [26/Nov/2021:14:49:32 +0000] \"GET /users/allUsers HTTP/1.1\" 401 37 \"-\" \"PostmanRuntime/7.28.4\"\n"}
{"level":"http","message":"::1 - - [26/Nov/2021:14:49:35 +0000] \"GET /users/allUsers HTTP/1.1\" 401 37 \"-\" \"PostmanRuntime/7.28.4\"\n"}
{"level":"http","message":"::1 - - [26/Nov/2021:14:50:25 +0000] \"GET /users/allUsers HTTP/1.1\" 401 37 \"-\" \"PostmanRuntime/7.28.4\"\n"}
{"level":"http","message":"::1 - - [26/Nov/2021:14:52:21 +0000] \"GET /users/allUsers HTTP/1.1\" 401 37 \"-\" \"PostmanRuntime/7.28.4\"\n"}
{"level":"http","message":"::1 - - [26/Nov/2021:14:53:44 +0000] \"GET /users/allUsers HTTP/1.1\" 401 37 \"-\" \"PostmanRuntime/7.28.4\"\n"}
{"level":"http","message":"::1 - - [26/Nov/2021:14:54:32 +0000] \"GET /users/allUsers HTTP/1.1\" 401 37 \"-\" \"PostmanRuntime/7.28.4\"\n"}
{"level":"http","message":"::1 - - [26/Nov/2021:14:55:01 +0000] \"GET /users/allUsers HTTP/1.1\" 401 37 \"-\" \"PostmanRuntime/7.28.4\"\n"}
{"level":"http","message":"::1 - - [26/Nov/2021:15:03:23 +0000] \"GET /users/allUsers HTTP/1.1\" 401 37 \"-\" \"PostmanRuntime/7.28.4\"\n"}
{"level":"http","message":"::1 - - [26/Nov/2021:15:04:18 +0000] \"GET /users/allUsers HTTP/1.1\" 401 37 \"-\" \"PostmanRuntime/7.28.4\"\n"}
{"level":"http","message":"::1 - - [26/Nov/2021:15:06:56 +0000] \"GET /users/allUsers HTTP/1.1\" 401 37 \"-\" \"PostmanRuntime/7.28.4\"\n"}
{"level":"http","message":"::1 - - [26/Nov/2021:15:08:36 +0000] \"POST /users/auth/login HTTP/1.1\" 500 22 \"-\" \"PostmanRuntime/7.28.4\"\n"}
{"level":"http","message":"::1 - - [26/Nov/2021:15:09:20 +0000] \"POST /users/auth/login HTTP/1.1\" 500 31 \"-\" \"PostmanRuntime/7.28.4\"\n"}
{"level":"http","message":"::1 - - [26/Nov/2021:15:09:49 +0000] \"GET /users/allUsers HTTP/1.1\" 401 37 \"-\" \"PostmanRuntime/7.28.4\"\n"}
{"level":"http","message":"::1 - - [26/Nov/2021:15:09:53 +0000] \"GET /users/allUsers HTTP/1.1\" 401 37 \"-\" \"PostmanRuntime/7.28.4\"\n"}
{"level":"http","message":"::1 - - [26/Nov/2021:15:10:08 +0000] \"GET /users/allUsers HTTP/1.1\" 401 37 \"-\" \"PostmanRuntime/7.28.4\"\n"}
{"level":"http","message":"::1 - - [26/Nov/2021:15:11:13 +0000] \"GET /users/allUsers HTTP/1.1\" 401 37 \"-\" \"PostmanRuntime/7.28.4\"\n"}
{"level":"http","message":"::1 - - [26/Nov/2021:15:12:15 +0000] \"GET /users/allUsers HTTP/1.1\" 401 37 \"-\" \"PostmanRuntime/7.28.4\"\n"}
{"level":"http","message":"::1 - - [26/Nov/2021:15:17:38 +0000] \"GET /users/allUsers HTTP/1.1\" 401 37 \"-\" \"PostmanRuntime/7.28.4\"\n"}
{"level":"http","message":"::1 - - [26/Nov/2021:15:18:48 +0000] \"GET /users/allUsers HTTP/1.1\" 401 37 \"-\" \"PostmanRuntime/7.28.4\"\n"}
{"level":"http","message":"::1 - - [26/Nov/2021:15:19:13 +0000] \"GET /users/allUsers HTTP/1.1\" 401 37 \"-\" \"PostmanRuntime/7.28.4\"\n"}
{"level":"http","message":"::1 - - [26/Nov/2021:15:19:29 +0000] \"GET /users/allUsers HTTP/1.1\" 401 37 \"-\" \"PostmanRuntime/7.28.4\"\n"}
{"level":"http","message":"::1 - - [26/Nov/2021:15:19:50 +0000] \"GET /users/allUsers HTTP/1.1\" 401 37 \"-\" \"PostmanRuntime/7.28.4\"\n"}
{"level":"http","message":"::1 - - [26/Nov/2021:15:19:57 +0000] \"GET /users/allUsers HTTP/1.1\" 401 37 \"-\" \"PostmanRuntime/7.28.4\"\n"}
{"level":"http","message":"::1 - - [26/Nov/2021:15:32:12 +0000] \"GET /users/allUsers HTTP/1.1\" 401 37 \"-\" \"PostmanRuntime/7.28.4\"\n"}
{"level":"http","message":"::1 - - [26/Nov/2021:15:40:13 +0000] \"GET /users/allUsers HTTP/1.1\" 401 37 \"-\" \"PostmanRuntime/7.28.4\"\n"}
{"level":"http","message":"::1 - - [26/Nov/2021:15:41:27 +0000] \"GET /users/allUsers HTTP/1.1\" 401 37 \"-\" \"PostmanRuntime/7.28.4\"\n"}
{"level":"http","message":"::1 - - [26/Nov/2021:15:41:52 +0000] \"GET /users/allUsers HTTP/1.1\" 401 37 \"-\" \"PostmanRuntime/7.28.4\"\n"}
{"level":"http","message":"::1 - - [26/Nov/2021:15:45:44 +0000] \"GET /users/allUsers HTTP/1.1\" 401 37 \"-\" \"PostmanRuntime/7.28.4\"\n"}
{"level":"http","message":"::1 - - [26/Nov/2021:15:46:25 +0000] \"GET /users/allUsers HTTP/1.1\" 401 37 \"-\" \"PostmanRuntime/7.28.4\"\n"}
{"level":"http","message":"::1 - - [26/Nov/2021:15:47:51 +0000] \"GET /users/allUsers HTTP/1.1\" 401 37 \"-\" \"PostmanRuntime/7.28.4\"\n"}
{"level":"http","message":"::1 - - [26/Nov/2021:15:47:56 +0000] \"GET /users/allUsers HTTP/1.1\" 401 37 \"-\" \"PostmanRuntime/7.28.4\"\n"}
{"level":"http","message":"::1 - - [26/Nov/2021:15:49:23 +0000] \"GET /users/allUsers HTTP/1.1\" 401 37 \"-\" \"PostmanRuntime/7.28.4\"\n"}
{"level":"http","message":"::1 - - [26/Nov/2021:15:50:26 +0000] \"GET /users/allUsers HTTP/1.1\" 401 37 \"-\" \"PostmanRuntime/7.28.4\"\n"}
{"level":"http","message":"::1 - - [26/Nov/2021:15:51:35 +0000] \"GET /users/allUsers HTTP/1.1\" 401 37 \"-\" \"PostmanRuntime/7.28.4\"\n"}
{"level":"http","message":"::1 - - [26/Nov/2021:15:54:26 +0000] \"GET /users/allUsers HTTP/1.1\" 401 37 \"-\" \"PostmanRuntime/7.28.4\"\n"}
{"level":"http","message":"::1 - - [26/Nov/2021:15:59:07 +0000] \"GET /users/allUsers HTTP/1.1\" 401 37 \"-\" \"PostmanRuntime/7.28.4\"\n"}
{"level":"http","message":"::1 - - [26/Nov/2021:16:02:59 +0000] \"GET /users/allUsers HTTP/1.1\" 401 37 \"-\" \"PostmanRuntime/7.28.4\"\n"}
{"level":"http","message":"::1 - - [26/Nov/2021:16:05:03 +0000] \"GET /users/allUsers HTTP/1.1\" 401 37 \"-\" \"PostmanRuntime/7.28.4\"\n"}
{"level":"http","message":"::1 - - [26/Nov/2021:16:06:11 +0000] \"GET /users/allUsers HTTP/1.1\" 401 37 \"-\" \"PostmanRuntime/7.28.4\"\n"}
{"level":"http","message":"::1 - - [26/Nov/2021:16:06:40 +0000] \"GET /users/allUsers HTTP/1.1\" 401 37 \"-\" \"PostmanRuntime/7.28.4\"\n"}
{"level":"http","message":"::1 - - [26/Nov/2021:16:07:57 +0000] \"GET /users/allUsers HTTP/1.1\" 401 37 \"-\" \"PostmanRuntime/7.28.4\"\n"}
{"level":"http","message":"::1 - - [26/Nov/2021:16:13:30 +0000] \"GET /users/allUsers HTTP/1.1\" 401 37 \"-\" \"PostmanRuntime/7.28.4\"\n"}
{"level":"http","message":"::1 - - [26/Nov/2021:16:14:09 +0000] \"GET /users/allUsers HTTP/1.1\" 401 39 \"-\" \"PostmanRuntime/7.28.4\"\n"}
{"level":"http","message":"::1 - - [26/Nov/2021:16:18:39 +0000] \"GET /users/allUsers HTTP/1.1\" 401 39 \"-\" \"PostmanRuntime/7.28.4\"\n"}
{"level":"http","message":"::1 - - [26/Nov/2021:16:19:37 +0000] \"GET /users/allUsers HTTP/1.1\" 401 39 \"-\" \"PostmanRuntime/7.28.4\"\n"}
{"level":"http","message":"::1 - - [26/Nov/2021:16:20:01 +0000] \"GET /users/allUsers HTTP/1.1\" 401 39 \"-\" \"PostmanRuntime/7.28.4\"\n"}
{"level":"http","message":"::1 - - [26/Nov/2021:16:22:16 +0000] \"GET /users/allUsers HTTP/1.1\" 401 39 \"-\" \"PostmanRuntime/7.28.4\"\n"}
{"level":"http","message":"::1 - - [26/Nov/2021:16:23:30 +0000] \"GET /users/allUsers HTTP/1.1\" 401 39 \"-\" \"PostmanRuntime/7.28.4\"\n"}
{"level":"http","message":"::1 - - [26/Nov/2021:16:24:32 +0000] \"GET /users/allUsers HTTP/1.1\" 401 39 \"-\" \"PostmanRuntime/7.28.4\"\n"}
{"level":"http","message":"::1 - - [26/Nov/2021:16:26:18 +0000] \"GET /users/allUsers HTTP/1.1\" 401 39 \"-\" \"PostmanRuntime/7.28.4\"\n"}
{"level":"http","message":"::1 - - [26/Nov/2021:16:48:52 +0000] \"GET /users/allUsers HTTP/1.1\" 401 39 \"-\" \"PostmanRuntime/7.28.4\"\n"}
{"level":"http","message":"::1 - - [26/Nov/2021:16:50:10 +0000] \"GET /users/allUsers HTTP/1.1\" 401 39 \"-\" \"PostmanRuntime/7.28.4\"\n"}
{"level":"http","message":"::1 - - [26/Nov/2021:16:51:58 +0000] \"GET /users/allUsers HTTP/1.1\" 401 39 \"-\" \"PostmanRuntime/7.28.4\"\n"}
{"level":"http","message":"::1 - - [26/Nov/2021:16:53:17 +0000] \"GET /users/allUsers HTTP/1.1\" 401 39 \"-\" \"PostmanRuntime/7.28.4\"\n"}
{"level":"http","message":"::1 - - [26/Nov/2021:16:56:33 +0000] \"GET /users/allUsers HTTP/1.1\" 401 39 \"-\" \"PostmanRuntime/7.28.4\"\n"}
{"level":"http","message":"::1 - - [27/Nov/2021:16:09:03 +0000] \"GET /users/allUsers HTTP/1.1\" 401 39 \"-\" \"PostmanRuntime/7.28.4\"\n"}
{"level":"http","message":"::1 - - [27/Nov/2021:16:35:39 +0000] \"GET /users/allUsers HTTP/1.1\" 401 39 \"-\" \"PostmanRuntime/7.28.4\"\n"}
{"level":"http","message":"::1 - - [27/Nov/2021:16:44:06 +0000] \"GET /users/allUsers HTTP/1.1\" 401 39 \"-\" \"PostmanRuntime/7.28.4\"\n"}
{"level":"http","message":"::1 - - [27/Nov/2021:16:45:20 +0000] \"GET /users/allUsers HTTP/1.1\" 401 39 \"-\" \"PostmanRuntime/7.28.4\"\n"}
{"level":"http","message":"::1 - - [27/Nov/2021:16:46:01 +0000] \"GET /users/allUsers HTTP/1.1\" 401 39 \"-\" \"PostmanRuntime/7.28.4\"\n"}
{"level":"http","message":"::1 - - [27/Nov/2021:16:48:09 +0000] \"GET /users/allUsers HTTP/1.1\" 401 39 \"-\" \"PostmanRuntime/7.28.4\"\n"}
{"level":"http","message":"::1 - - [27/Nov/2021:16:48:31 +0000] \"GET /users/allUsers HTTP/1.1\" 401 39 \"-\" \"PostmanRuntime/7.28.4\"\n"}
{"level":"http","message":"::1 - - [27/Nov/2021:16:49:00 +0000] \"GET /users/allUsers HTTP/1.1\" 401 39 \"-\" \"PostmanRuntime/7.28.4\"\n"}
{"level":"http","message":"::1 - - [27/Nov/2021:16:50:17 +0000] \"GET /users/allUsers HTTP/1.1\" 401 39 \"-\" \"PostmanRuntime/7.28.4\"\n"}
{"level":"http","message":"::1 - - [27/Nov/2021:16:55:04 +0000] \"GET /users/allUsers HTTP/1.1\" 401 39 \"-\" \"PostmanRuntime/7.28.4\"\n"}
{"level":"http","message":"::1 - - [27/Nov/2021:16:56:22 +0000] \"GET /users/allUsers HTTP/1.1\" 401 39 \"-\" \"PostmanRuntime/7.28.4\"\n"}
{"level":"http","message":"::1 - - [27/Nov/2021:16:56:53 +0000] \"GET /users/allUsers HTTP/1.1\" 401 39 \"-\" \"PostmanRuntime/7.28.4\"\n"}
{"level":"http","message":"::1 - - [27/Nov/2021:16:58:08 +0000] \"GET /users/allUsers HTTP/1.1\" 401 39 \"-\" \"PostmanRuntime/7.28.4\"\n"}
{"level":"http","message":"::1 - - [27/Nov/2021:16:58:27 +0000] \"GET /users/allUsers HTTP/1.1\" 401 39 \"-\" \"PostmanRuntime/7.28.4\"\n"}
{"level":"http","message":"::1 - - [27/Nov/2021:17:05:33 +0000] \"GET /users/allUsers HTTP/1.1\" 401 39 \"-\" \"PostmanRuntime/7.28.4\"\n"}
{"level":"http","message":"::1 - - [27/Nov/2021:17:08:00 +0000] \"GET /users/allUsers HTTP/1.1\" 401 39 \"-\" \"PostmanRuntime/7.28.4\"\n"}
{"level":"http","message":"::1 - - [27/Nov/2021:17:10:42 +0000] \"GET /users/allUsers HTTP/1.1\" 401 39 \"-\" \"PostmanRuntime/7.28.4\"\n"}
{"level":"http","message":"::1 - - [27/Nov/2021:17:11:56 +0000] \"GET /users/allUsers HTTP/1.1\" 401 39 \"-\" \"PostmanRuntime/7.28.4\"\n"}
{"level":"http","message":"::1 - - [27/Nov/2021:17:12:47 +0000] \"GET /users/allUsers HTTP/1.1\" 401 39 \"-\" \"PostmanRuntime/7.28.4\"\n"}
{"level":"http","message":"::1 - - [27/Nov/2021:17:13:19 +0000] \"GET /users/allUsers HTTP/1.1\" 401 39 \"-\" \"PostmanRuntime/7.28.4\"\n"}
{"level":"http","message":"::1 - - [27/Nov/2021:17:14:11 +0000] \"GET /users/allUsers HTTP/1.1\" 401 39 \"-\" \"PostmanRuntime/7.28.4\"\n"}
{"level":"http","message":"::1 - - [27/Nov/2021:17:14:56 +0000] \"GET /users/allUsers HTTP/1.1\" 401 39 \"-\" \"PostmanRuntime/7.28.4\"\n"}
{"level":"http","message":"::1 - - [27/Nov/2021:17:17:16 +0000] \"GET /users/allUsers HTTP/1.1\" 401 39 \"-\" \"PostmanRuntime/7.28.4\"\n"}
{"level":"http","message":"::1 - - [27/Nov/2021:17:19:04 +0000] \"GET /users/allUsers HTTP/1.1\" 401 39 \"-\" \"PostmanRuntime/7.28.4\"\n"}
{"level":"http","message":"::1 - - [27/Nov/2021:17:19:58 +0000] \"GET /users/allUsers HTTP/1.1\" 401 39 \"-\" \"PostmanRuntime/7.28.4\"\n"}
{"level":"http","message":"::1 - - [27/Nov/2021:17:21:27 +0000] \"GET /users/allUsers HTTP/1.1\" 401 39 \"-\" \"PostmanRuntime/7.28.4\"\n"}
{"level":"http","message":"::1 - - [27/Nov/2021:17:21:59 +0000] \"GET /users/allUsers HTTP/1.1\" 401 39 \"-\" \"PostmanRuntime/7.28.4\"\n"}
{"level":"http","message":"::1 - - [27/Nov/2021:17:26:09 +0000] \"GET /users/allUsers HTTP/1.1\" 401 39 \"-\" \"PostmanRuntime/7.28.4\"\n"}
{"level":"http","message":"::1 - - [27/Nov/2021:17:27:18 +0000] \"GET /users/allUsers HTTP/1.1\" 401 39 \"-\" \"PostmanRuntime/7.28.4\"\n"}
{"level":"http","message":"::1 - - [27/Nov/2021:17:31:21 +0000] \"GET /users/allUsers HTTP/1.1\" 401 39 \"-\" \"PostmanRuntime/7.28.4\"\n"}
{"level":"http","message":"::1 - - [27/Nov/2021:17:33:18 +0000] \"GET /users/allUsers HTTP/1.1\" 401 39 \"-\" \"PostmanRuntime/7.28.4\"\n"}
{"level":"http","message":"::1 - - [27/Nov/2021:17:35:32 +0000] \"GET /users/allUsers HTTP/1.1\" 401 39 \"-\" \"PostmanRuntime/7.28.4\"\n"}
{"level":"http","message":"::1 - - [27/Nov/2021:17:39:11 +0000] \"GET /users/allUsers HTTP/1.1\" 401 39 \"-\" \"PostmanRuntime/7.28.4\"\n"}
{"level":"http","message":"::1 - - [27/Nov/2021:17:39:53 +0000] \"GET /users/allUsers HTTP/1.1\" 401 39 \"-\" \"PostmanRuntime/7.28.4\"\n"}
{"level":"http","message":"::1 - - [27/Nov/2021:17:40:14 +0000] \"GET /users/allUsers HTTP/1.1\" 401 39 \"-\" \"PostmanRuntime/7.28.4\"\n"}
{"level":"http","message":"::1 - - [27/Nov/2021:17:41:31 +0000] \"GET /users/allUsers HTTP/1.1\" 401 39 \"-\" \"PostmanRuntime/7.28.4\"\n"}
{"level":"http","message":"::1 - - [27/Nov/2021:17:44:29 +0000] \"GET /users/allUsers HTTP/1.1\" 401 39 \"-\" \"PostmanRuntime/7.28.4\"\n"}
{"level":"http","message":"::1 - - [27/Nov/2021:17:45:55 +0000] \"GET /users/allUsers HTTP/1.1\" 401 39 \"-\" \"PostmanRuntime/7.28.4\"\n"}
{"level":"http","message":"::1 - - [27/Nov/2021:17:48:14 +0000] \"POST /users/allUsers HTTP/1.1\" 404 154 \"-\" \"PostmanRuntime/7.28.4\"\n"}
{"level":"http","message":"::1 - - [27/Nov/2021:17:50:23 +0000] \"GET /users/allUsers HTTP/1.1\" 401 39 \"-\" \"PostmanRuntime/7.28.4\"\n"}
{"level":"http","message":"::1 - - [27/Nov/2021:17:53:56 +0000] \"GET /users/allUsers HTTP/1.1\" 401 39 \"-\" \"PostmanRuntime/7.28.4\"\n"}
{"level":"http","message":"::1 - - [27/Nov/2021:17:54:23 +0000] \"GET /users/allUsers HTTP/1.1\" 401 39 \"-\" \"PostmanRuntime/7.28.4\"\n"}
{"level":"http","message":"::1 - - [27/Nov/2021:17:56:17 +0000] \"GET /users/allUsers HTTP/1.1\" 401 39 \"-\" \"PostmanRuntime/7.28.4\"\n"}
{"level":"http","message":"::1 - - [27/Nov/2021:17:56:57 +0000] \"GET /users/allUsers HTTP/1.1\" 401 39 \"-\" \"PostmanRuntime/7.28.4\"\n"}
{"level":"http","message":"::1 - - [27/Nov/2021:17:57:31 +0000] \"GET /users/allUsers HTTP/1.1\" 401 39 \"-\" \"PostmanRuntime/7.28.4\"\n"}
{"level":"http","message":"::1 - - [27/Nov/2021:17:58:09 +0000] \"GET /users/allUsers HTTP/1.1\" 401 39 \"-\" \"PostmanRuntime/7.28.4\"\n"}
{"level":"http","message":"::1 - - [27/Nov/2021:17:59:49 +0000] \"POST /users/auth/login HTTP/1.1\" 500 34 \"-\" \"PostmanRuntime/7.28.4\"\n"}
{"level":"http","message":"::1 - - [27/Nov/2021:17:59:58 +0000] \"POST /users/auth/login HTTP/1.1\" 500 34 \"-\" \"PostmanRuntime/7.28.4\"\n"}
{"level":"http","message":"::1 - - [27/Nov/2021:18:00:46 +0000] \"POST /users/auth/login HTTP/1.1\" 500 34 \"-\" \"PostmanRuntime/7.28.4\"\n"}
{"level":"http","message":"::1 - - [27/Nov/2021:18:01:21 +0000] \"POST /users/auth/login HTTP/1.1\" 500 34 \"-\" \"PostmanRuntime/7.28.4\"\n"}
{"level":"http","message":"::1 - - [23/Dec/2021:13:40:19 +0000] \"POST /users/auth/login HTTP/1.1\" 403 26 \"-\" \"PostmanRuntime/7.28.4\"\n"}
{"level":"http","message":"::1 - - [23/Dec/2021:13:56:32 +0000] \"POST /users/auth/login HTTP/1.1\" 403 26 \"-\" \"PostmanRuntime/7.28.4\"\n"}
{"level":"http","message":"::1 - - [23/Dec/2021:14:43:08 +0000] \"POST /api/v1/users/auth/register HTTP/1.1\" 404 166 \"http://localhost:3000/\" \"Mozilla/5.0 (Windows NT 10.0; Win64; x64) AppleWebKit/537.36 (KHTML, like Gecko) Chrome/96.0.4664.110 Safari/537.36\"\n"}
{"level":"http","message":"::1 - - [23/Dec/2021:14:44:13 +0000] \"POST /api/v1/users/auth/register HTTP/1.1\" 404 166 \"http://localhost:3000/\" \"Mozilla/5.0 (Windows NT 10.0; Win64; x64) AppleWebKit/537.36 (KHTML, like Gecko) Chrome/96.0.4664.110 Safari/537.36\"\n"}
{"level":"http","message":"::1 - - [24/Dec/2021:09:23:17 +0000] \"GET /doctors HTTP/1.1\" 404 146 \"http://localhost:3000/\" \"Mozilla/5.0 (Windows NT 10.0; Win64; x64) AppleWebKit/537.36 (KHTML, like Gecko) Chrome/96.0.4664.110 Safari/537.36\"\n"}
{"level":"http","message":"::1 - - [24/Dec/2021:10:06:37 +0000] \"POST /users/auth/register HTTP/1.1\" 403 35 \"http://localhost:3000/\" \"Mozilla/5.0 (Windows NT 10.0; Win64; x64) AppleWebKit/537.36 (KHTML, like Gecko) Chrome/96.0.4664.110 Safari/537.36\"\n"}
{"level":"http","message":"::1 - - [24/Dec/2021:10:07:59 +0000] \"POST /users/auth/register HTTP/1.1\" 403 35 \"http://localhost:3000/\" \"Mozilla/5.0 (Windows NT 10.0; Win64; x64) AppleWebKit/537.36 (KHTML, like Gecko) Chrome/96.0.4664.110 Safari/537.36\"\n"}
{"level":"http","message":"::1 - - [24/Dec/2021:10:10:01 +0000] \"POST /users/auth/register HTTP/1.1\" 403 35 \"http://localhost:3000/\" \"Mozilla/5.0 (Windows NT 10.0; Win64; x64) AppleWebKit/537.36 (KHTML, like Gecko) Chrome/96.0.4664.110 Safari/537.36\"\n"}
{"level":"http","message":"::1 - - [24/Dec/2021:10:10:17 +0000] \"POST /users/auth/register HTTP/1.1\" 403 35 \"http://localhost:3000/\" \"Mozilla/5.0 (Windows NT 10.0; Win64; x64) AppleWebKit/537.36 (KHTML, like Gecko) Chrome/96.0.4664.110 Safari/537.36\"\n"}
{"level":"http","message":"::1 - - [24/Dec/2021:10:10:31 +0000] \"POST /users/auth/register HTTP/1.1\" 403 35 \"http://localhost:3000/\" \"Mozilla/5.0 (Windows NT 10.0; Win64; x64) AppleWebKit/537.36 (KHTML, like Gecko) Chrome/96.0.4664.110 Safari/537.36\"\n"}
{"level":"http","message":"::ffff:127.0.0.1 - - [24/Dec/2021:10:10:40 +0000] \"POST /users/auth/register HTTP/1.1\" 403 35 \"http://localhost:3000/\" \"Mozilla/5.0 (Windows NT 10.0; Win64; x64) AppleWebKit/537.36 (KHTML, like Gecko) Chrome/96.0.4664.110 Safari/537.36\"\n"}
{"level":"http","message":"::1 - - [24/Dec/2021:10:11:15 +0000] \"POST /users/auth/register HTTP/1.1\" 403 35 \"http://localhost:3000/\" \"Mozilla/5.0 (Windows NT 10.0; Win64; x64) AppleWebKit/537.36 (KHTML, like Gecko) Chrome/96.0.4664.110 Safari/537.36\"\n"}
{"level":"http","message":"::1 - - [24/Dec/2021:10:12:00 +0000] \"POST /users/auth/register HTTP/1.1\" 409 27 \"http://localhost:3000/\" \"Mozilla/5.0 (Windows NT 10.0; Win64; x64) AppleWebKit/537.36 (KHTML, like Gecko) Chrome/96.0.4664.110 Safari/537.36\"\n"}
{"level":"http","message":"::1 - - [24/Dec/2021:10:12:46 +0000] \"POST /users/auth/register HTTP/1.1\" 409 27 \"http://localhost:3000/\" \"Mozilla/5.0 (Windows NT 10.0; Win64; x64) AppleWebKit/537.36 (KHTML, like Gecko) Chrome/96.0.4664.110 Safari/537.36\"\n"}
{"level":"http","message":"::1 - - [24/Dec/2021:10:13:37 +0000] \"POST /users/auth/register HTTP/1.1\" 409 27 \"http://localhost:3000/\" \"Mozilla/5.0 (Windows NT 10.0; Win64; x64) AppleWebKit/537.36 (KHTML, like Gecko) Chrome/96.0.4664.110 Safari/537.36\"\n"}
{"level":"http","message":"::1 - - [24/Dec/2021:10:13:57 +0000] \"POST /users/auth/register HTTP/1.1\" 409 27 \"http://localhost:3000/\" \"Mozilla/5.0 (Windows NT 10.0; Win64; x64) AppleWebKit/537.36 (KHTML, like Gecko) Chrome/96.0.4664.110 Safari/537.36\"\n"}
{"level":"http","message":"::1 - - [24/Dec/2021:10:15:42 +0000] \"POST /users/auth/register HTTP/1.1\" 409 27 \"http://localhost:3000/\" \"Mozilla/5.0 (Windows NT 10.0; Win64; x64) AppleWebKit/537.36 (KHTML, like Gecko) Chrome/96.0.4664.110 Safari/537.36\"\n"}
{"level":"http","message":"::1 - - [24/Dec/2021:10:15:46 +0000] \"POST /users/auth/register HTTP/1.1\" 409 27 \"http://localhost:3000/\" \"Mozilla/5.0 (Windows NT 10.0; Win64; x64) AppleWebKit/537.36 (KHTML, like Gecko) Chrome/96.0.4664.110 Safari/537.36\"\n"}
{"level":"http","message":"::1 - - [24/Dec/2021:10:16:14 +0000] \"POST /users/auth/register HTTP/1.1\" 409 27 \"http://localhost:3000/\" \"Mozilla/5.0 (Windows NT 10.0; Win64; x64) AppleWebKit/537.36 (KHTML, like Gecko) Chrome/96.0.4664.110 Safari/537.36\"\n"}
{"level":"http","message":"::1 - - [24/Dec/2021:10:17:21 +0000] \"POST /users/auth/register HTTP/1.1\" 409 27 \"http://localhost:3000/\" \"Mozilla/5.0 (Windows NT 10.0; Win64; x64) AppleWebKit/537.36 (KHTML, like Gecko) Chrome/96.0.4664.110 Safari/537.36\"\n"}
{"level":"http","message":"::1 - - [24/Dec/2021:10:17:37 +0000] \"POST /users/auth/register HTTP/1.1\" 409 27 \"http://localhost:3000/\" \"Mozilla/5.0 (Windows NT 10.0; Win64; x64) AppleWebKit/537.36 (KHTML, like Gecko) Chrome/96.0.4664.110 Safari/537.36\"\n"}
